[
  {
    "Plan": {
      "Node Type": "Aggregate",
      "Strategy": "Plain",
      "Partial Mode": "Simple",
      "Parallel Aware": false,
      "Async Capable": false,
      "Startup Cost": 616851.61,
      "Total Cost": 616851.63,
      "Plan Rows": 1,
      "Plan Width": 32,
      "Actual Startup Time": 81.395,
      "Actual Total Time": 81.398,
      "Actual Rows": 1,
      "Actual Loops": 1,
      "Output": ["COALESCE(sum(((t0.\"EXPR$0\" * (count(*))) * t5.\"EXPR$0\")), '0'::numeric)"],
      "Shared Hit Blocks": 2388,
      "Shared Read Blocks": 0,
      "Shared Dirtied Blocks": 0,
      "Shared Written Blocks": 0,
      "Local Hit Blocks": 0,
      "Local Read Blocks": 0,
      "Local Dirtied Blocks": 0,
      "Local Written Blocks": 0,
      "Temp Read Blocks": 0,
      "Temp Written Blocks": 0,
      "Plans": [
        {
          "Node Type": "Hash Join",
          "Parent Relationship": "Outer",
          "Parallel Aware": false,
          "Async Capable": false,
          "Join Type": "Inner",
          "Startup Cost": 10347.05,
          "Total Cost": 11713.55,
          "Plan Rows": 80685075,
          "Plan Width": 24,
          "Actual Startup Time": 73.888,
          "Actual Total Time": 80.241,
          "Actual Rows": 11711,
          "Actual Loops": 1,
          "Output": ["t0.\"EXPR$0\"", "(count(*))", "t5.\"EXPR$0\""],
          "Inner Unique": true,
          "Hash Cond": "(posts.owneruserid = t5.id)",
          "Shared Hit Blocks": 2388,
          "Shared Read Blocks": 0,
          "Shared Dirtied Blocks": 0,
          "Shared Written Blocks": 0,
          "Local Hit Blocks": 0,
          "Local Read Blocks": 0,
          "Local Dirtied Blocks": 0,
          "Local Written Blocks": 0,
          "Temp Read Blocks": 0,
          "Temp Written Blocks": 0,
          "Plans": [
            {
              "Node Type": "Hash Join",
              "Parent Relationship": "Outer",
              "Parallel Aware": false,
              "Async Capable": false,
              "Join Type": "Inner",
              "Startup Cost": 7854.48,
              "Total Cost": 8132.20,
              "Plan Rows": 406167,
              "Plan Width": 24,
              "Actual Startup Time": 51.783,
              "Actual Total Time": 56.019,
              "Actual Rows": 11881,
              "Actual Loops": 1,
              "Output": ["t0.\"EXPR$0\"", "t0.userid", "(count(*))", "posts.owneruserid"],
              "Inner Unique": true,
              "Hash Cond": "(posts.owneruserid = t0.userid)",
              "Shared Hit Blocks": 2091,
              "Shared Read Blocks": 0,
              "Shared Dirtied Blocks": 0,
              "Shared Written Blocks": 0,
              "Local Hit Blocks": 0,
              "Local Read Blocks": 0,
              "Local Dirtied Blocks": 0,
              "Local Written Blocks": 0,
              "Temp Read Blocks": 0,
              "Temp Written Blocks": 0,
              "Plans": [
                {
                  "Node Type": "Aggregate",
                  "Strategy": "Hashed",
                  "Partial Mode": "Simple",
                  "Parent Relationship": "Outer",
                  "Parallel Aware": false,
                  "Async Capable": false,
                  "Startup Cost": 3315.92,
                  "Total Cost": 3438.37,
                  "Plan Rows": 12245,
                  "Plan Width": 12,
                  "Actual Startup Time": 15.548,
                  "Actual Total Time": 17.767,
                  "Actual Rows": 18599,
                  "Actual Loops": 1,
                  "Output": ["posts.owneruserid", "count(*)"],
                  "Group Key": ["posts.owneruserid"],
                  "Planned Partitions": 0,
                  "HashAgg Batches": 1,
                  "Peak Memory Usage": 2321,
                  "Disk Usage": 0,
                  "Shared Hit Blocks": 810,
                  "Shared Read Blocks": 0,
                  "Shared Dirtied Blocks": 0,
                  "Shared Written Blocks": 0,
                  "Local Hit Blocks": 0,
                  "Local Read Blocks": 0,
                  "Local Dirtied Blocks": 0,
                  "Local Written Blocks": 0,
                  "Temp Read Blocks": 0,
                  "Temp Written Blocks": 0,
                  "Plans": [
                    {
                      "Node Type": "Seq Scan",
                      "Parent Relationship": "Outer",
                      "Parallel Aware": false,
                      "Async Capable": false,
                      "Relation Name": "posts",
                      "Schema": "public",
                      "Alias": "posts",
                      "Startup Cost": 0.00,
                      "Total Cost": 3109.40,
                      "Plan Rows": 41305,
                      "Plan Width": 4,
                      "Actual Startup Time": 0.077,
                      "Actual Total Time": 9.065,
                      "Actual Rows": 41703,
                      "Actual Loops": 1,
                      "Output": ["posts.id", "posts.posttypeid", "posts.creationdate", "posts.score", "posts.viewcount", "posts.owneruserid", "posts.answercount", "posts.commentcount", "posts.favoritecount", "posts.lasteditoruserid"],
                      "Filter": "((posts.answercount >= 0) AND (posts.answercount <= 4) AND (posts.commentcount >= 0) AND (posts.commentcount <= 11) AND (posts.creationdate >= '2010-07-26 09:46:48'::timestamp without time zone) AND (posts.creationdate <= '2014-09-13 10:09:50'::timestamp without time zone))",
                      "Rows Removed by Filter": 50273,
                      "Shared Hit Blocks": 810,
                      "Shared Read Blocks": 0,
                      "Shared Dirtied Blocks": 0,
                      "Shared Written Blocks": 0,
                      "Local Hit Blocks": 0,
                      "Local Read Blocks": 0,
                      "Local Dirtied Blocks": 0,
                      "Local Written Blocks": 0,
                      "Temp Read Blocks": 0,
                      "Temp Written Blocks": 0
                    }
                  ]
                },
                {
                  "Node Type": "Hash",
                  "Parent Relationship": "Inner",
                  "Parallel Aware": false,
                  "Async Capable": false,
                  "Startup Cost": 4455.63,
                  "Total Cost": 4455.63,
                  "Plan Rows": 6634,
                  "Plan Width": 12,
                  "Actual Startup Time": 36.205,
                  "Actual Total Time": 36.206,
                  "Actual Rows": 13617,
                  "Actual Loops": 1,
                  "Output": ["t0.\"EXPR$0\"", "t0.userid"],
                  "Hash Buckets": 16384,
                  "Original Hash Buckets": 8192,
                  "Hash Batches": 1,
                  "Original Hash Batches": 1,
                  "Peak Memory Usage": 714,
                  "Shared Hit Blocks": 1281,
                  "Shared Read Blocks": 0,
                  "Shared Dirtied Blocks": 0,
                  "Shared Written Blocks": 0,
                  "Local Hit Blocks": 0,
                  "Local Read Blocks": 0,
                  "Local Dirtied Blocks": 0,
                  "Local Written Blocks": 0,
                  "Temp Read Blocks": 0,
                  "Temp Written Blocks": 0,
                  "Plans": [
                    {
                      "Node Type": "Subquery Scan",
                      "Parent Relationship": "Outer",
                      "Parallel Aware": false,
                      "Async Capable": false,
                      "Alias": "t0",
                      "Startup Cost": 4322.95,
                      "Total Cost": 4455.63,
                      "Plan Rows": 6634,
                      "Plan Width": 12,
                      "Actual Startup Time": 32.872,
                      "Actual Total Time": 34.787,
                      "Actual Rows": 13618,
                      "Actual Loops": 1,
                      "Output": ["t0.\"EXPR$0\"", "t0.userid"],
                      "Shared Hit Blocks": 1281,
                      "Shared Read Blocks": 0,
                      "Shared Dirtied Blocks": 0,
                      "Shared Written Blocks": 0,
                      "Local Hit Blocks": 0,
                      "Local Read Blocks": 0,
                      "Local Dirtied Blocks": 0,
                      "Local Written Blocks": 0,
                      "Temp Read Blocks": 0,
                      "Temp Written Blocks": 0,
                      "Plans": [
                        {
                          "Node Type": "Aggregate",
                          "Strategy": "Hashed",
                          "Partial Mode": "Simple",
                          "Parent Relationship": "Subquery",
                          "Parallel Aware": false,
                          "Async Capable": false,
                          "Startup Cost": 4322.95,
                          "Total Cost": 4389.29,
                          "Plan Rows": 6634,
                          "Plan Width": 12,
                          "Actual Startup Time": 32.871,
                          "Actual Total Time": 34.122,
                          "Actual Rows": 13618,
                          "Actual Loops": 1,
                          "Output": ["comments.userid", "count(*)"],
                          "Group Key": ["comments.userid"],
                          "Planned Partitions": 0,
                          "HashAgg Batches": 1,
                          "Peak Memory Usage": 1681,
                          "Disk Usage": 0,
                          "Shared Hit Blocks": 1281,
                          "Shared Read Blocks": 0,
                          "Shared Dirtied Blocks": 0,
                          "Shared Written Blocks": 0,
                          "Local Hit Blocks": 0,
                          "Local Read Blocks": 0,
                          "Local Dirtied Blocks": 0,
                          "Local Written Blocks": 0,
                          "Temp Read Blocks": 0,
                          "Temp Written Blocks": 0,
                          "Plans": [
                            {
                              "Node Type": "Seq Scan",
                              "Parent Relationship": "Outer",
                              "Parallel Aware": false,
                              "Async Capable": false,
                              "Relation Name": "comments",
                              "Schema": "public",
                              "Alias": "comments",
                              "Startup Cost": 0.00,
                              "Total Cost": 3459.81,
                              "Plan Rows": 172628,
                              "Plan Width": 4,
                              "Actual Startup Time": 0.046,
                              "Actual Total Time": 12.833,
                              "Actual Rows": 173677,
                              "Actual Loops": 1,
                              "Output": ["comments.id", "comments.postid", "comments.score", "comments.creationdate", "comments.userid"],
                              "Filter": "(comments.creationdate >= '2010-07-27 17:46:38'::timestamp without time zone)",
                              "Rows Removed by Filter": 628,
                              "Shared Hit Blocks": 1281,
                              "Shared Read Blocks": 0,
                              "Shared Dirtied Blocks": 0,
                              "Shared Written Blocks": 0,
                              "Local Hit Blocks": 0,
                              "Local Read Blocks": 0,
                              "Local Dirtied Blocks": 0,
                              "Local Written Blocks": 0,
                              "Temp Read Blocks": 0,
                              "Temp Written Blocks": 0
                            }
                          ]
                        }
                      ]
                    }
                  ]
                }
              ]
            },
            {
              "Node Type": "Hash",
              "Parent Relationship": "Inner",
              "Parallel Aware": false,
              "Async Capable": false,
              "Startup Cost": 1995.94,
              "Total Cost": 1995.94,
              "Plan Rows": 39730,
              "Plan Width": 12,
              "Actual Startup Time": 21.950,
              "Actual Total Time": 21.951,
              "Actual Rows": 39730,
              "Actual Loops": 1,
              "Output": ["t5.\"EXPR$0\"", "t5.id"],
              "Hash Buckets": 65536,
              "Original Hash Buckets": 65536,
              "Hash Batches": 1,
              "Original Hash Batches": 1,
              "Peak Memory Usage": 2220,
              "Shared Hit Blocks": 297,
              "Shared Read Blocks": 0,
              "Shared Dirtied Blocks": 0,
              "Shared Written Blocks": 0,
              "Local Hit Blocks": 0,
              "Local Read Blocks": 0,
              "Local Dirtied Blocks": 0,
              "Local Written Blocks": 0,
              "Temp Read Blocks": 0,
              "Temp Written Blocks": 0,
              "Plans": [
                {
                  "Node Type": "Subquery Scan",
                  "Parent Relationship": "Outer",
                  "Parallel Aware": false,
                  "Async Capable": false,
                  "Alias": "t5",
                  "Startup Cost": 1201.34,
                  "Total Cost": 1995.94,
                  "Plan Rows": 39730,
                  "Plan Width": 12,
                  "Actual Startup Time": 9.523,
                  "Actual Total Time": 17.201,
                  "Actual Rows": 39730,
                  "Actual Loops": 1,
                  "Output": ["t5.\"EXPR$0\"", "t5.id"],
                  "Shared Hit Blocks": 297,
                  "Shared Read Blocks": 0,
                  "Shared Dirtied Blocks": 0,
                  "Shared Written Blocks": 0,
                  "Local Hit Blocks": 0,
                  "Local Read Blocks": 0,
                  "Local Dirtied Blocks": 0,
                  "Local Written Blocks": 0,
                  "Temp Read Blocks": 0,
                  "Temp Written Blocks": 0,
                  "Plans": [
                    {
                      "Node Type": "Aggregate",
                      "Strategy": "Hashed",
                      "Partial Mode": "Simple",
                      "Parent Relationship": "Subquery",
                      "Parallel Aware": false,
                      "Async Capable": false,
                      "Startup Cost": 1201.34,
                      "Total Cost": 1598.64,
                      "Plan Rows": 39730,
                      "Plan Width": 12,
                      "Actual Startup Time": 9.522,
                      "Actual Total Time": 15.299,
                      "Actual Rows": 39730,
                      "Actual Loops": 1,
                      "Output": ["users.id", "count(*)"],
                      "Group Key": ["users.id"],
                      "Planned Partitions": 0,
                      "HashAgg Batches": 1,
                      "Peak Memory Usage": 4881,
                      "Disk Usage": 0,
                      "Shared Hit Blocks": 297,
                      "Shared Read Blocks": 0,
                      "Shared Dirtied Blocks": 0,
                      "Shared Written Blocks": 0,
                      "Local Hit Blocks": 0,
                      "Local Read Blocks": 0,
                      "Local Dirtied Blocks": 0,
                      "Local Written Blocks": 0,
                      "Temp Read Blocks": 0,
                      "Temp Written Blocks": 0,
                      "Plans": [
                        {
                          "Node Type": "Seq Scan",
                          "Parent Relationship": "Outer",
                          "Parallel Aware": false,
                          "Async Capable": false,
                          "Relation Name": "users",
                          "Schema": "public",
                          "Alias": "users",
                          "Startup Cost": 0.00,
                          "Total Cost": 1002.69,
                          "Plan Rows": 39730,
                          "Plan Width": 4,
                          "Actual Startup Time": 0.073,
                          "Actual Total Time": 3.314,
                          "Actual Rows": 39730,
                          "Actual Loops": 1,
                          "Output": ["users.id", "users.reputation", "users.creationdate", "users.views", "users.upvotes", "users.downvotes"],
                          "Filter": "((users.reputation >= 1) AND (users.creationdate >= '2010-08-03 19:42:40'::timestamp without time zone) AND (users.creationdate <= '2014-09-12 02:20:03'::timestamp without time zone))",
                          "Rows Removed by Filter": 595,
                          "Shared Hit Blocks": 297,
                          "Shared Read Blocks": 0,
                          "Shared Dirtied Blocks": 0,
                          "Shared Written Blocks": 0,
                          "Local Hit Blocks": 0,
                          "Local Read Blocks": 0,
                          "Local Dirtied Blocks": 0,
                          "Local Written Blocks": 0,
                          "Temp Read Blocks": 0,
                          "Temp Written Blocks": 0
                        }
                      ]
                    }
                  ]
                }
              ]
            }
          ]
        }
      ]
    },
    "Planning": {
      "Shared Hit Blocks": 0,
      "Shared Read Blocks": 0,
      "Shared Dirtied Blocks": 0,
      "Shared Written Blocks": 0,
      "Local Hit Blocks": 0,
      "Local Read Blocks": 0,
      "Local Dirtied Blocks": 0,
      "Local Written Blocks": 0,
      "Temp Read Blocks": 0,
      "Temp Written Blocks": 0
    },
    "Planning Time": 0.644,
    "Triggers": [
    ],
    "Execution Time": 82.734
  }
]